[2022-12-08 21:12:58] request.INFO: Matched route "api_translation_value_edit". {"route":"api_translation_value_edit","route_parameters":{"_route":"api_translation_value_edit","_controller":"prestashop.core.api.translation.controller:translationEditAction","_legacy_controller":"AdminTranslations"},"request_uri":"http://localhost:8001/admin-dev/index.php/api/translations/edit?_token=-Fj6UL3GLFgMfvAssV0GhDdIpuYi87hNsw8y0pboIqg","method":"POST"} []
[2022-12-08 21:12:58] security.DEBUG: Read existing security token from the session. {"key":"_security_main","token_class":"Symfony\\Component\\Security\\Core\\Authentication\\Token\\UsernamePasswordToken"} []
[2022-12-08 21:12:58] security.DEBUG: User was reloaded from a user provider. {"provider":"PrestaShopBundle\\Security\\Admin\\EmployeeProvider","username":"demo@prestashop.com"} []
[2022-12-08 21:12:58] app.ERROR: No result was found for query although at least one row was expected. {"object_type":"Translation"} []
[2022-12-08 21:12:58] security.DEBUG: Stored the security token in the session. {"key":"_security_main"} []
[2022-12-08 21:14:38] request.INFO: Matched route "api_translation_value_edit". {"route":"api_translation_value_edit","route_parameters":{"_route":"api_translation_value_edit","_controller":"prestashop.core.api.translation.controller:translationEditAction","_legacy_controller":"AdminTranslations"},"request_uri":"http://localhost:8001/admin-dev/index.php/api/translations/edit?_token=-Fj6UL3GLFgMfvAssV0GhDdIpuYi87hNsw8y0pboIqg","method":"POST"} []
[2022-12-08 21:14:38] security.DEBUG: Read existing security token from the session. {"key":"_security_main","token_class":"Symfony\\Component\\Security\\Core\\Authentication\\Token\\UsernamePasswordToken"} []
[2022-12-08 21:14:38] security.DEBUG: User was reloaded from a user provider. {"provider":"PrestaShopBundle\\Security\\Admin\\EmployeeProvider","username":"demo@prestashop.com"} []
[2022-12-08 21:14:38] app.ERROR: No result was found for query although at least one row was expected. {"object_type":"Translation"} []
[2022-12-08 21:14:38] app.ERROR: No result was found for query although at least one row was expected. {"object_type":"Translation"} []
[2022-12-08 21:14:38] app.ERROR: No result was found for query although at least one row was expected. {"object_type":"Translation"} []
[2022-12-08 21:14:38] app.ERROR: You must specify as many arguments (%d, %s ...) as the original string. {"object_type":"Translation"} []
[2022-12-08 21:14:38] app.ERROR: No result was found for query although at least one row was expected. {"object_type":"Translation"} []
[2022-12-08 21:14:38] security.DEBUG: Stored the security token in the session. {"key":"_security_main"} []
[2022-12-08 21:15:21] request.INFO: Matched route "api_translation_value_edit". {"route":"api_translation_value_edit","route_parameters":{"_route":"api_translation_value_edit","_controller":"prestashop.core.api.translation.controller:translationEditAction","_legacy_controller":"AdminTranslations"},"request_uri":"http://localhost:8001/admin-dev/index.php/api/translations/edit?_token=-Fj6UL3GLFgMfvAssV0GhDdIpuYi87hNsw8y0pboIqg","method":"POST"} []
[2022-12-08 21:15:21] security.DEBUG: Read existing security token from the session. {"key":"_security_main","token_class":"Symfony\\Component\\Security\\Core\\Authentication\\Token\\UsernamePasswordToken"} []
[2022-12-08 21:15:21] security.DEBUG: User was reloaded from a user provider. {"provider":"PrestaShopBundle\\Security\\Admin\\EmployeeProvider","username":"demo@prestashop.com"} []
[2022-12-08 21:15:21] app.ERROR: No result was found for query although at least one row was expected. {"object_type":"Translation"} []
[2022-12-08 21:15:21] security.DEBUG: Stored the security token in the session. {"key":"_security_main"} []
[2022-12-08 21:15:36] request.INFO: Matched route "api_translation_value_edit". {"route":"api_translation_value_edit","route_parameters":{"_route":"api_translation_value_edit","_controller":"prestashop.core.api.translation.controller:translationEditAction","_legacy_controller":"AdminTranslations"},"request_uri":"http://localhost:8001/admin-dev/index.php/api/translations/edit?_token=-Fj6UL3GLFgMfvAssV0GhDdIpuYi87hNsw8y0pboIqg","method":"POST"} []
[2022-12-08 21:15:36] security.DEBUG: Read existing security token from the session. {"key":"_security_main","token_class":"Symfony\\Component\\Security\\Core\\Authentication\\Token\\UsernamePasswordToken"} []
[2022-12-08 21:15:36] security.DEBUG: User was reloaded from a user provider. {"provider":"PrestaShopBundle\\Security\\Admin\\EmployeeProvider","username":"demo@prestashop.com"} []
[2022-12-08 21:15:36] app.ERROR: No result was found for query although at least one row was expected. {"object_type":"Translation"} []
[2022-12-08 21:15:36] security.DEBUG: Stored the security token in the session. {"key":"_security_main"} []
[2022-12-08 21:15:45] request.INFO: Matched route "api_translation_value_edit". {"route":"api_translation_value_edit","route_parameters":{"_route":"api_translation_value_edit","_controller":"prestashop.core.api.translation.controller:translationEditAction","_legacy_controller":"AdminTranslations"},"request_uri":"http://localhost:8001/admin-dev/index.php/api/translations/edit?_token=-Fj6UL3GLFgMfvAssV0GhDdIpuYi87hNsw8y0pboIqg","method":"POST"} []
[2022-12-08 21:15:45] security.DEBUG: Read existing security token from the session. {"key":"_security_main","token_class":"Symfony\\Component\\Security\\Core\\Authentication\\Token\\UsernamePasswordToken"} []
[2022-12-08 21:15:45] security.DEBUG: User was reloaded from a user provider. {"provider":"PrestaShopBundle\\Security\\Admin\\EmployeeProvider","username":"demo@prestashop.com"} []
[2022-12-08 21:15:45] app.ERROR: No result was found for query although at least one row was expected. {"object_type":"Translation"} []
[2022-12-08 21:15:45] security.DEBUG: Stored the security token in the session. {"key":"_security_main"} []
[2022-12-08 21:16:10] request.INFO: Matched route "api_translation_value_edit". {"route":"api_translation_value_edit","route_parameters":{"_route":"api_translation_value_edit","_controller":"prestashop.core.api.translation.controller:translationEditAction","_legacy_controller":"AdminTranslations"},"request_uri":"http://localhost:8001/admin-dev/index.php/api/translations/edit?_token=-Fj6UL3GLFgMfvAssV0GhDdIpuYi87hNsw8y0pboIqg","method":"POST"} []
[2022-12-08 21:16:10] security.DEBUG: Read existing security token from the session. {"key":"_security_main","token_class":"Symfony\\Component\\Security\\Core\\Authentication\\Token\\UsernamePasswordToken"} []
[2022-12-08 21:16:10] security.DEBUG: User was reloaded from a user provider. {"provider":"PrestaShopBundle\\Security\\Admin\\EmployeeProvider","username":"demo@prestashop.com"} []
[2022-12-08 21:16:10] app.ERROR: No result was found for query although at least one row was expected. {"object_type":"Translation"} []
[2022-12-08 21:16:10] security.DEBUG: Stored the security token in the session. {"key":"_security_main"} []
[2022-12-08 21:16:40] request.INFO: Matched route "api_translation_value_edit". {"route":"api_translation_value_edit","route_parameters":{"_route":"api_translation_value_edit","_controller":"prestashop.core.api.translation.controller:translationEditAction","_legacy_controller":"AdminTranslations"},"request_uri":"http://localhost:8001/admin-dev/index.php/api/translations/edit?_token=-Fj6UL3GLFgMfvAssV0GhDdIpuYi87hNsw8y0pboIqg","method":"POST"} []
[2022-12-08 21:16:40] security.DEBUG: Read existing security token from the session. {"key":"_security_main","token_class":"Symfony\\Component\\Security\\Core\\Authentication\\Token\\UsernamePasswordToken"} []
[2022-12-08 21:16:40] security.DEBUG: User was reloaded from a user provider. {"provider":"PrestaShopBundle\\Security\\Admin\\EmployeeProvider","username":"demo@prestashop.com"} []
[2022-12-08 21:16:40] app.ERROR: No result was found for query although at least one row was expected. {"object_type":"Translation"} []
[2022-12-08 21:16:40] security.DEBUG: Stored the security token in the session. {"key":"_security_main"} []
[2022-12-08 21:18:53] request.INFO: Matched route "api_translation_value_edit". {"route":"api_translation_value_edit","route_parameters":{"_route":"api_translation_value_edit","_controller":"prestashop.core.api.translation.controller:translationEditAction","_legacy_controller":"AdminTranslations"},"request_uri":"http://localhost:8001/admin-dev/index.php/api/translations/edit?_token=-Fj6UL3GLFgMfvAssV0GhDdIpuYi87hNsw8y0pboIqg","method":"POST"} []
[2022-12-08 21:18:53] security.DEBUG: Read existing security token from the session. {"key":"_security_main","token_class":"Symfony\\Component\\Security\\Core\\Authentication\\Token\\UsernamePasswordToken"} []
[2022-12-08 21:18:53] security.DEBUG: User was reloaded from a user provider. {"provider":"PrestaShopBundle\\Security\\Admin\\EmployeeProvider","username":"demo@prestashop.com"} []
[2022-12-08 21:18:54] app.ERROR: No result was found for query although at least one row was expected. {"object_type":"Translation"} []
[2022-12-08 21:18:54] app.ERROR: You must specify as many arguments (%d, %s ...) as the original string. {"object_type":"Translation"} []
[2022-12-08 21:18:54] security.DEBUG: Stored the security token in the session. {"key":"_security_main"} []
[2022-12-08 21:20:29] request.INFO: Matched route "api_translation_value_edit". {"route":"api_translation_value_edit","route_parameters":{"_route":"api_translation_value_edit","_controller":"prestashop.core.api.translation.controller:translationEditAction","_legacy_controller":"AdminTranslations"},"request_uri":"http://localhost:8001/admin-dev/index.php/api/translations/edit?_token=-Fj6UL3GLFgMfvAssV0GhDdIpuYi87hNsw8y0pboIqg","method":"POST"} []
[2022-12-08 21:20:29] security.DEBUG: Read existing security token from the session. {"key":"_security_main","token_class":"Symfony\\Component\\Security\\Core\\Authentication\\Token\\UsernamePasswordToken"} []
[2022-12-08 21:20:29] security.DEBUG: User was reloaded from a user provider. {"provider":"PrestaShopBundle\\Security\\Admin\\EmployeeProvider","username":"demo@prestashop.com"} []
[2022-12-08 21:20:29] app.ERROR: No result was found for query although at least one row was expected. {"object_type":"Translation"} []
[2022-12-08 21:20:29] app.ERROR: No result was found for query although at least one row was expected. {"object_type":"Translation"} []
[2022-12-08 21:20:29] app.ERROR: No result was found for query although at least one row was expected. {"object_type":"Translation"} []
[2022-12-08 21:20:29] app.ERROR: No result was found for query although at least one row was expected. {"object_type":"Translation"} []
[2022-12-08 21:20:29] security.DEBUG: Stored the security token in the session. {"key":"_security_main"} []
[2022-12-08 21:22:51] request.INFO: Matched route "api_translation_value_edit". {"route":"api_translation_value_edit","route_parameters":{"_route":"api_translation_value_edit","_controller":"prestashop.core.api.translation.controller:translationEditAction","_legacy_controller":"AdminTranslations"},"request_uri":"http://localhost:8001/admin-dev/index.php/api/translations/edit?_token=-Fj6UL3GLFgMfvAssV0GhDdIpuYi87hNsw8y0pboIqg","method":"POST"} []
[2022-12-08 21:22:51] security.DEBUG: Read existing security token from the session. {"key":"_security_main","token_class":"Symfony\\Component\\Security\\Core\\Authentication\\Token\\UsernamePasswordToken"} []
[2022-12-08 21:22:51] security.DEBUG: User was reloaded from a user provider. {"provider":"PrestaShopBundle\\Security\\Admin\\EmployeeProvider","username":"demo@prestashop.com"} []
[2022-12-08 21:22:51] app.ERROR: No result was found for query although at least one row was expected. {"object_type":"Translation"} []
[2022-12-08 21:22:51] security.DEBUG: Stored the security token in the session. {"key":"_security_main"} []
[2022-12-08 21:23:25] request.INFO: Matched route "api_translation_value_edit". {"route":"api_translation_value_edit","route_parameters":{"_route":"api_translation_value_edit","_controller":"prestashop.core.api.translation.controller:translationEditAction","_legacy_controller":"AdminTranslations"},"request_uri":"http://localhost:8001/admin-dev/index.php/api/translations/edit?_token=-Fj6UL3GLFgMfvAssV0GhDdIpuYi87hNsw8y0pboIqg","method":"POST"} []
[2022-12-08 21:23:25] security.DEBUG: Read existing security token from the session. {"key":"_security_main","token_class":"Symfony\\Component\\Security\\Core\\Authentication\\Token\\UsernamePasswordToken"} []
[2022-12-08 21:23:25] security.DEBUG: User was reloaded from a user provider. {"provider":"PrestaShopBundle\\Security\\Admin\\EmployeeProvider","username":"demo@prestashop.com"} []
[2022-12-08 21:23:25] app.ERROR: No result was found for query although at least one row was expected. {"object_type":"Translation"} []
[2022-12-08 21:23:25] app.ERROR: No result was found for query although at least one row was expected. {"object_type":"Translation"} []
[2022-12-08 21:23:25] app.ERROR: No result was found for query although at least one row was expected. {"object_type":"Translation"} []
[2022-12-08 21:23:25] security.DEBUG: Stored the security token in the session. {"key":"_security_main"} []
[2022-12-08 21:23:31] request.INFO: Matched route "api_translation_value_edit". {"route":"api_translation_value_edit","route_parameters":{"_route":"api_translation_value_edit","_controller":"prestashop.core.api.translation.controller:translationEditAction","_legacy_controller":"AdminTranslations"},"request_uri":"http://localhost:8001/admin-dev/index.php/api/translations/edit?_token=-Fj6UL3GLFgMfvAssV0GhDdIpuYi87hNsw8y0pboIqg","method":"POST"} []
[2022-12-08 21:23:31] security.DEBUG: Read existing security token from the session. {"key":"_security_main","token_class":"Symfony\\Component\\Security\\Core\\Authentication\\Token\\UsernamePasswordToken"} []
[2022-12-08 21:23:31] security.DEBUG: User was reloaded from a user provider. {"provider":"PrestaShopBundle\\Security\\Admin\\EmployeeProvider","username":"demo@prestashop.com"} []
[2022-12-08 21:23:31] app.ERROR: No result was found for query although at least one row was expected. {"object_type":"Translation"} []
[2022-12-08 21:23:31] security.DEBUG: Stored the security token in the session. {"key":"_security_main"} []
[2022-12-08 21:23:57] request.INFO: Matched route "api_translation_value_edit". {"route":"api_translation_value_edit","route_parameters":{"_route":"api_translation_value_edit","_controller":"prestashop.core.api.translation.controller:translationEditAction","_legacy_controller":"AdminTranslations"},"request_uri":"http://localhost:8001/admin-dev/index.php/api/translations/edit?_token=-Fj6UL3GLFgMfvAssV0GhDdIpuYi87hNsw8y0pboIqg","method":"POST"} []
[2022-12-08 21:23:57] security.DEBUG: Read existing security token from the session. {"key":"_security_main","token_class":"Symfony\\Component\\Security\\Core\\Authentication\\Token\\UsernamePasswordToken"} []
[2022-12-08 21:23:57] security.DEBUG: User was reloaded from a user provider. {"provider":"PrestaShopBundle\\Security\\Admin\\EmployeeProvider","username":"demo@prestashop.com"} []
[2022-12-08 21:23:57] app.ERROR: No result was found for query although at least one row was expected. {"object_type":"Translation"} []
[2022-12-08 21:23:57] app.ERROR: No result was found for query although at least one row was expected. {"object_type":"Translation"} []
[2022-12-08 21:23:57] security.DEBUG: Stored the security token in the session. {"key":"_security_main"} []
[2022-12-08 21:24:14] request.INFO: Matched route "api_translation_value_edit". {"route":"api_translation_value_edit","route_parameters":{"_route":"api_translation_value_edit","_controller":"prestashop.core.api.translation.controller:translationEditAction","_legacy_controller":"AdminTranslations"},"request_uri":"http://localhost:8001/admin-dev/index.php/api/translations/edit?_token=-Fj6UL3GLFgMfvAssV0GhDdIpuYi87hNsw8y0pboIqg","method":"POST"} []
[2022-12-08 21:24:14] security.DEBUG: Read existing security token from the session. {"key":"_security_main","token_class":"Symfony\\Component\\Security\\Core\\Authentication\\Token\\UsernamePasswordToken"} []
[2022-12-08 21:24:14] security.DEBUG: User was reloaded from a user provider. {"provider":"PrestaShopBundle\\Security\\Admin\\EmployeeProvider","username":"demo@prestashop.com"} []
[2022-12-08 21:24:14] app.ERROR: No result was found for query although at least one row was expected. {"object_type":"Translation"} []
[2022-12-08 21:24:14] security.DEBUG: Stored the security token in the session. {"key":"_security_main"} []
[2022-12-08 21:32:43] request.INFO: Matched route "api_translation_value_edit". {"route":"api_translation_value_edit","route_parameters":{"_route":"api_translation_value_edit","_controller":"prestashop.core.api.translation.controller:translationEditAction","_legacy_controller":"AdminTranslations"},"request_uri":"http://localhost:8001/admin-dev/index.php/api/translations/edit?_token=-Fj6UL3GLFgMfvAssV0GhDdIpuYi87hNsw8y0pboIqg","method":"POST"} []
[2022-12-08 21:32:43] security.DEBUG: Read existing security token from the session. {"key":"_security_main","token_class":"Symfony\\Component\\Security\\Core\\Authentication\\Token\\UsernamePasswordToken"} []
[2022-12-08 21:32:43] security.DEBUG: User was reloaded from a user provider. {"provider":"PrestaShopBundle\\Security\\Admin\\EmployeeProvider","username":"demo@prestashop.com"} []
[2022-12-08 21:32:43] app.ERROR: No result was found for query although at least one row was expected. {"object_type":"Translation"} []
[2022-12-08 21:32:43] security.DEBUG: Stored the security token in the session. {"key":"_security_main"} []
[2022-12-08 21:39:44] request.INFO: Matched route "api_translation_value_edit". {"route":"api_translation_value_edit","route_parameters":{"_route":"api_translation_value_edit","_controller":"prestashop.core.api.translation.controller:translationEditAction","_legacy_controller":"AdminTranslations"},"request_uri":"http://localhost:8001/admin-dev/index.php/api/translations/edit?_token=-Fj6UL3GLFgMfvAssV0GhDdIpuYi87hNsw8y0pboIqg","method":"POST"} []
[2022-12-08 21:39:44] security.DEBUG: Read existing security token from the session. {"key":"_security_main","token_class":"Symfony\\Component\\Security\\Core\\Authentication\\Token\\UsernamePasswordToken"} []
[2022-12-08 21:39:44] security.DEBUG: User was reloaded from a user provider. {"provider":"PrestaShopBundle\\Security\\Admin\\EmployeeProvider","username":"demo@prestashop.com"} []
[2022-12-08 21:39:44] app.ERROR: No result was found for query although at least one row was expected. {"object_type":"Translation"} []
[2022-12-08 21:39:44] app.ERROR: No result was found for query although at least one row was expected. {"object_type":"Translation"} []
[2022-12-08 21:39:44] app.ERROR: No result was found for query although at least one row was expected. {"object_type":"Translation"} []
[2022-12-08 21:39:44] app.ERROR: No result was found for query although at least one row was expected. {"object_type":"Translation"} []
[2022-12-08 21:39:44] app.ERROR: No result was found for query although at least one row was expected. {"object_type":"Translation"} []
[2022-12-08 21:39:44] app.ERROR: No result was found for query although at least one row was expected. {"object_type":"Translation"} []
[2022-12-08 21:39:44] app.ERROR: No result was found for query although at least one row was expected. {"object_type":"Translation"} []
[2022-12-08 21:39:44] app.ERROR: No result was found for query although at least one row was expected. {"object_type":"Translation"} []
[2022-12-08 21:39:44] app.ERROR: No result was found for query although at least one row was expected. {"object_type":"Translation"} []
[2022-12-08 21:39:44] app.ERROR: No result was found for query although at least one row was expected. {"object_type":"Translation"} []
[2022-12-08 21:39:44] app.ERROR: No result was found for query although at least one row was expected. {"object_type":"Translation"} []
[2022-12-08 21:39:44] app.ERROR: No result was found for query although at least one row was expected. {"object_type":"Translation"} []
[2022-12-08 21:39:44] security.DEBUG: Stored the security token in the session. {"key":"_security_main"} []
